This file contains any messages produced by compilers while
running configure, to aid debugging if configure makes a mistake.

It was created by i3lock-color configure 2.12, which was
generated by GNU Autoconf 2.69.  Invocation command line was

  $ ../configure --prefix=/usr --sysconfdir=/etc --disable-sanitizers

## --------- ##
## Platform. ##
## --------- ##

hostname = ronan-XPS-13-7390
uname -m = x86_64
uname -r = 4.15.0-1065-oem
uname -s = Linux
uname -v = #75-Ubuntu SMP Wed Nov 20 10:51:26 UTC 2019

/usr/bin/uname -p = unknown
/bin/uname -X     = unknown

/bin/arch              = unknown
/usr/bin/arch -k       = unknown
/usr/convex/getsysinfo = unknown
/usr/bin/hostinfo      = unknown
/bin/machine           = unknown
/usr/bin/oslevel       = unknown
/bin/universe          = unknown

PATH: /home/ronan/.local/bin
PATH: /usr/local/sbin
PATH: /usr/local/bin
PATH: /usr/sbin
PATH: /usr/bin
PATH: /sbin
PATH: /bin
PATH: /usr/games
PATH: /usr/local/games
PATH: /snap/bin


## ----------- ##
## Core tests. ##
## ----------- ##

configure:2384: checking build system type
configure:2398: result: x86_64-pc-linux-gnu
configure:2418: checking host system type
configure:2431: result: x86_64-pc-linux-gnu
configure:2451: checking target system type
configure:2464: result: x86_64-pc-linux-gnu
configure:2552: checking for gsed
configure:2583: result: sed
configure:2610: checking for a BSD-compatible install
configure:2678: result: /usr/bin/install -c
configure:2689: checking whether build environment is sane
configure:2744: result: yes
configure:2892: checking for a thread-safe mkdir -p
configure:2931: result: /bin/mkdir -p
configure:2938: checking for gawk
configure:2954: found /usr/bin/gawk
configure:2965: result: gawk
configure:2976: checking whether make sets $(MAKE)
configure:2998: result: yes
configure:3027: checking whether make supports nested variables
configure:3044: result: yes
configure:3182: checking whether make supports nested variables
configure:3199: result: yes
configure:3213: checking whether to enable maintainer-specific portions of Makefiles
configure:3222: result: yes
configure:3249: checking for gawk
configure:3276: result: gawk
configure:3287: checking for GNU make
configure:3303: result: make
configure:3376: checking for a sed that does not truncate output
configure:3440: result: /bin/sed
configure:3458: checking whether to build with code coverage support
configure:3478: result: no
configure:3841: checking whether to enable debugging
configure:3872: result: yes
configure:3945: checking for style of include used by make
configure:3973: result: GNU
configure:4044: checking for gcc
configure:4060: found /usr/bin/gcc
configure:4071: result: gcc
configure:4300: checking for C compiler version
configure:4309: gcc --version >&5
gcc (Ubuntu 7.4.0-1ubuntu1~18.04.1) 7.4.0
Copyright (C) 2017 Free Software Foundation, Inc.
This is free software; see the source for copying conditions.  There is NO
warranty; not even for MERCHANTABILITY or FITNESS FOR A PARTICULAR PURPOSE.

configure:4320: $? = 0
configure:4309: gcc -v >&5
Using built-in specs.
COLLECT_GCC=gcc
COLLECT_LTO_WRAPPER=/usr/lib/gcc/x86_64-linux-gnu/7/lto-wrapper
OFFLOAD_TARGET_NAMES=nvptx-none
OFFLOAD_TARGET_DEFAULT=1
Target: x86_64-linux-gnu
Configured with: ../src/configure -v --with-pkgversion='Ubuntu 7.4.0-1ubuntu1~18.04.1' --with-bugurl=file:///usr/share/doc/gcc-7/README.Bugs --enable-languages=c,ada,c++,go,brig,d,fortran,objc,obj-c++ --prefix=/usr --with-gcc-major-version-only --program-suffix=-7 --program-prefix=x86_64-linux-gnu- --enable-shared --enable-linker-build-id --libexecdir=/usr/lib --without-included-gettext --enable-threads=posix --libdir=/usr/lib --enable-nls --with-sysroot=/ --enable-clocale=gnu --enable-libstdcxx-debug --enable-libstdcxx-time=yes --with-default-libstdcxx-abi=new --enable-gnu-unique-object --disable-vtable-verify --enable-libmpx --enable-plugin --enable-default-pie --with-system-zlib --with-target-system-zlib --enable-objc-gc=auto --enable-multiarch --disable-werror --with-arch-32=i686 --with-abi=m64 --with-multilib-list=m32,m64,mx32 --enable-multilib --with-tune=generic --enable-offload-targets=nvptx-none --without-cuda-driver --enable-checking=release --build=x86_64-linux-gnu --host=x86_64-linux-gnu --target=x86_64-linux-gnu
Thread model: posix
gcc version 7.4.0 (Ubuntu 7.4.0-1ubuntu1~18.04.1) 
configure:4320: $? = 0
configure:4309: gcc -V >&5
gcc: error: unrecognized command line option '-V'
gcc: fatal error: no input files
compilation terminated.
configure:4320: $? = 1
configure:4309: gcc -qversion >&5
gcc: error: unrecognized command line option '-qversion'; did you mean '--version'?
gcc: fatal error: no input files
compilation terminated.
configure:4320: $? = 1
configure:4340: checking whether the C compiler works
configure:4362: gcc  -g -O0   conftest.c  >&5
configure:4366: $? = 0
configure:4414: result: yes
configure:4417: checking for C compiler default output file name
configure:4419: result: a.out
configure:4425: checking for suffix of executables
configure:4432: gcc -o conftest  -g -O0   conftest.c  >&5
configure:4436: $? = 0
configure:4458: result: 
configure:4480: checking whether we are cross compiling
configure:4488: gcc -o conftest  -g -O0   conftest.c  >&5
configure:4492: $? = 0
configure:4499: ./conftest
configure:4503: $? = 0
configure:4518: result: no
configure:4523: checking for suffix of object files
configure:4545: gcc -c  -g -O0  conftest.c >&5
configure:4549: $? = 0
configure:4570: result: o
configure:4574: checking whether we are using the GNU C compiler
configure:4593: gcc -c  -g -O0  conftest.c >&5
configure:4593: $? = 0
configure:4602: result: yes
configure:4611: checking whether gcc accepts -g
configure:4631: gcc -c -g  conftest.c >&5
configure:4631: $? = 0
configure:4672: result: yes
configure:4689: checking for gcc option to accept ISO C89
configure:4752: gcc  -c  -g -O0  conftest.c >&5
configure:4752: $? = 0
configure:4765: result: none needed
configure:4790: checking whether gcc understands -c and -o together
configure:4812: gcc -c conftest.c -o conftest2.o
configure:4815: $? = 0
configure:4812: gcc -c conftest.c -o conftest2.o
configure:4815: $? = 0
configure:4827: result: yes
configure:4846: checking dependency style of gcc
configure:4957: result: gcc3
configure:4972: checking for gcc option to accept ISO C99
configure:5121: gcc  -c  -g -O0  conftest.c >&5
configure:5121: $? = 0
configure:5134: result: none needed
configure:5157: checking how to run the C preprocessor
configure:5188: gcc -E  conftest.c
configure:5188: $? = 0
configure:5202: gcc -E  conftest.c
conftest.c:12:10: fatal error: ac_nonexistent.h: No such file or directory
 #include <ac_nonexistent.h>
          ^~~~~~~~~~~~~~~~~~
compilation terminated.
configure:5202: $? = 1
configure: failed program was:
| /* confdefs.h */
| #define PACKAGE_NAME "i3lock-color"
| #define PACKAGE_TARNAME "i3lock-color"
| #define PACKAGE_VERSION "2.12"
| #define PACKAGE_STRING "i3lock-color 2.12"
| #define PACKAGE_BUGREPORT "https://github.com/PandorasFox/i3lock-color/issues"
| #define PACKAGE_URL ""
| #define PACKAGE "i3lock-color"
| #define VERSION "2.12"
| #define I3LOCK_VERSION "2.12.c-60-g4c341b8 (2019-11-20, branch \"master\")"
| /* end confdefs.h.  */
| #include <ac_nonexistent.h>
configure:5227: result: gcc -E
configure:5247: gcc -E  conftest.c
configure:5247: $? = 0
configure:5261: gcc -E  conftest.c
conftest.c:12:10: fatal error: ac_nonexistent.h: No such file or directory
 #include <ac_nonexistent.h>
          ^~~~~~~~~~~~~~~~~~
compilation terminated.
configure:5261: $? = 1
configure: failed program was:
| /* confdefs.h */
| #define PACKAGE_NAME "i3lock-color"
| #define PACKAGE_TARNAME "i3lock-color"
| #define PACKAGE_VERSION "2.12"
| #define PACKAGE_STRING "i3lock-color 2.12"
| #define PACKAGE_BUGREPORT "https://github.com/PandorasFox/i3lock-color/issues"
| #define PACKAGE_URL ""
| #define PACKAGE "i3lock-color"
| #define VERSION "2.12"
| #define I3LOCK_VERSION "2.12.c-60-g4c341b8 (2019-11-20, branch \"master\")"
| /* end confdefs.h.  */
| #include <ac_nonexistent.h>
configure:5290: checking for grep that handles long lines and -e
configure:5348: result: /bin/grep
configure:5353: checking for egrep
configure:5415: result: /bin/grep -E
configure:5420: checking for ANSI C header files
configure:5440: gcc -c  -g -O0  conftest.c >&5
configure:5440: $? = 0
configure:5513: gcc -o conftest  -g -O0   conftest.c  >&5
configure:5513: $? = 0
configure:5513: ./conftest
configure:5513: $? = 0
configure:5524: result: yes
configure:5537: checking for sys/types.h
configure:5537: gcc -c  -g -O0  conftest.c >&5
configure:5537: $? = 0
configure:5537: result: yes
configure:5537: checking for sys/stat.h
configure:5537: gcc -c  -g -O0  conftest.c >&5
configure:5537: $? = 0
configure:5537: result: yes
configure:5537: checking for stdlib.h
configure:5537: gcc -c  -g -O0  conftest.c >&5
configure:5537: $? = 0
configure:5537: result: yes
configure:5537: checking for string.h
configure:5537: gcc -c  -g -O0  conftest.c >&5
configure:5537: $? = 0
configure:5537: result: yes
configure:5537: checking for memory.h
configure:5537: gcc -c  -g -O0  conftest.c >&5
configure:5537: $? = 0
configure:5537: result: yes
configure:5537: checking for strings.h
configure:5537: gcc -c  -g -O0  conftest.c >&5
configure:5537: $? = 0
configure:5537: result: yes
configure:5537: checking for inttypes.h
configure:5537: gcc -c  -g -O0  conftest.c >&5
configure:5537: $? = 0
configure:5537: result: yes
configure:5537: checking for stdint.h
configure:5537: gcc -c  -g -O0  conftest.c >&5
configure:5537: $? = 0
configure:5537: result: yes
configure:5537: checking for unistd.h
configure:5537: gcc -c  -g -O0  conftest.c >&5
configure:5537: $? = 0
configure:5537: result: yes
configure:5550: checking minix/config.h usability
configure:5550: gcc -c  -g -O0  conftest.c >&5
conftest.c:55:10: fatal error: minix/config.h: No such file or directory
 #include <minix/config.h>
          ^~~~~~~~~~~~~~~~
compilation terminated.
configure:5550: $? = 1
configure: failed program was:
| /* confdefs.h */
| #define PACKAGE_NAME "i3lock-color"
| #define PACKAGE_TARNAME "i3lock-color"
| #define PACKAGE_VERSION "2.12"
| #define PACKAGE_STRING "i3lock-color 2.12"
| #define PACKAGE_BUGREPORT "https://github.com/PandorasFox/i3lock-color/issues"
| #define PACKAGE_URL ""
| #define PACKAGE "i3lock-color"
| #define VERSION "2.12"
| #define I3LOCK_VERSION "2.12.c-60-g4c341b8 (2019-11-20, branch \"master\")"
| #define STDC_HEADERS 1
| #define HAVE_SYS_TYPES_H 1
| #define HAVE_SYS_STAT_H 1
| #define HAVE_STDLIB_H 1
| #define HAVE_STRING_H 1
| #define HAVE_MEMORY_H 1
| #define HAVE_STRINGS_H 1
| #define HAVE_INTTYPES_H 1
| #define HAVE_STDINT_H 1
| #define HAVE_UNISTD_H 1
| /* end confdefs.h.  */
| #include <stdio.h>
| #ifdef HAVE_SYS_TYPES_H
| # include <sys/types.h>
| #endif
| #ifdef HAVE_SYS_STAT_H
| # include <sys/stat.h>
| #endif
| #ifdef STDC_HEADERS
| # include <stdlib.h>
| # include <stddef.h>
| #else
| # ifdef HAVE_STDLIB_H
| #  include <stdlib.h>
| # endif
| #endif
| #ifdef HAVE_STRING_H
| # if !defined STDC_HEADERS && defined HAVE_MEMORY_H
| #  include <memory.h>
| # endif
| # include <string.h>
| #endif
| #ifdef HAVE_STRINGS_H
| # include <strings.h>
| #endif
| #ifdef HAVE_INTTYPES_H
| # include <inttypes.h>
| #endif
| #ifdef HAVE_STDINT_H
| # include <stdint.h>
| #endif
| #ifdef HAVE_UNISTD_H
| # include <unistd.h>
| #endif
| #include <minix/config.h>
configure:5550: result: no
configure:5550: checking minix/config.h presence
configure:5550: gcc -E  conftest.c
conftest.c:22:10: fatal error: minix/config.h: No such file or directory
 #include <minix/config.h>
          ^~~~~~~~~~~~~~~~
compilation terminated.
configure:5550: $? = 1
configure: failed program was:
| /* confdefs.h */
| #define PACKAGE_NAME "i3lock-color"
| #define PACKAGE_TARNAME "i3lock-color"
| #define PACKAGE_VERSION "2.12"
| #define PACKAGE_STRING "i3lock-color 2.12"
| #define PACKAGE_BUGREPORT "https://github.com/PandorasFox/i3lock-color/issues"
| #define PACKAGE_URL ""
| #define PACKAGE "i3lock-color"
| #define VERSION "2.12"
| #define I3LOCK_VERSION "2.12.c-60-g4c341b8 (2019-11-20, branch \"master\")"
| #define STDC_HEADERS 1
| #define HAVE_SYS_TYPES_H 1
| #define HAVE_SYS_STAT_H 1
| #define HAVE_STDLIB_H 1
| #define HAVE_STRING_H 1
| #define HAVE_MEMORY_H 1
| #define HAVE_STRINGS_H 1
| #define HAVE_INTTYPES_H 1
| #define HAVE_STDINT_H 1
| #define HAVE_UNISTD_H 1
| /* end confdefs.h.  */
| #include <minix/config.h>
configure:5550: result: no
configure:5550: checking for minix/config.h
configure:5550: result: no
configure:5571: checking whether it is safe to define __EXTENSIONS__
configure:5589: gcc -c  -g -O0  conftest.c >&5
configure:5589: $? = 0
configure:5596: result: yes
configure:5612: checking for stdbool.h that conforms to C99
configure:5679: gcc -c  -g -O0  conftest.c >&5
configure:5679: $? = 0
configure:5686: result: yes
configure:5688: checking for _Bool
configure:5688: gcc -c  -g -O0  conftest.c >&5
configure:5688: $? = 0
configure:5688: gcc -c  -g -O0  conftest.c >&5
conftest.c: In function 'main':
conftest.c:63:20: error: expected expression before ')' token
 if (sizeof ((_Bool)))
                    ^
configure:5688: $? = 1
configure: failed program was:
| /* confdefs.h */
| #define PACKAGE_NAME "i3lock-color"
| #define PACKAGE_TARNAME "i3lock-color"
| #define PACKAGE_VERSION "2.12"
| #define PACKAGE_STRING "i3lock-color 2.12"
| #define PACKAGE_BUGREPORT "https://github.com/PandorasFox/i3lock-color/issues"
| #define PACKAGE_URL ""
| #define PACKAGE "i3lock-color"
| #define VERSION "2.12"
| #define I3LOCK_VERSION "2.12.c-60-g4c341b8 (2019-11-20, branch \"master\")"
| #define STDC_HEADERS 1
| #define HAVE_SYS_TYPES_H 1
| #define HAVE_SYS_STAT_H 1
| #define HAVE_STDLIB_H 1
| #define HAVE_STRING_H 1
| #define HAVE_MEMORY_H 1
| #define HAVE_STRINGS_H 1
| #define HAVE_INTTYPES_H 1
| #define HAVE_STDINT_H 1
| #define HAVE_UNISTD_H 1
| #define __EXTENSIONS__ 1
| #define _ALL_SOURCE 1
| #define _GNU_SOURCE 1
| #define _POSIX_PTHREAD_SEMANTICS 1
| #define _TANDEM_SOURCE 1
| /* end confdefs.h.  */
| #include <stdio.h>
| #ifdef HAVE_SYS_TYPES_H
| # include <sys/types.h>
| #endif
| #ifdef HAVE_SYS_STAT_H
| # include <sys/stat.h>
| #endif
| #ifdef STDC_HEADERS
| # include <stdlib.h>
| # include <stddef.h>
| #else
| # ifdef HAVE_STDLIB_H
| #  include <stdlib.h>
| # endif
| #endif
| #ifdef HAVE_STRING_H
| # if !defined STDC_HEADERS && defined HAVE_MEMORY_H
| #  include <memory.h>
| # endif
| # include <string.h>
| #endif
| #ifdef HAVE_STRINGS_H
| # include <strings.h>
| #endif
| #ifdef HAVE_INTTYPES_H
| # include <inttypes.h>
| #endif
| #ifdef HAVE_STDINT_H
| # include <stdint.h>
| #endif
| #ifdef HAVE_UNISTD_H
| # include <unistd.h>
| #endif
| int
| main ()
| {
| if (sizeof ((_Bool)))
| 	    return 0;
|   ;
|   return 0;
| }
configure:5688: result: yes
configure:5699: checking for mode_t
configure:5699: gcc -c  -g -O0  conftest.c >&5
configure:5699: $? = 0
configure:5699: gcc -c  -g -O0  conftest.c >&5
conftest.c: In function 'main':
conftest.c:64:21: error: expected expression before ')' token
 if (sizeof ((mode_t)))
                     ^
configure:5699: $? = 1
configure: failed program was:
| /* confdefs.h */
| #define PACKAGE_NAME "i3lock-color"
| #define PACKAGE_TARNAME "i3lock-color"
| #define PACKAGE_VERSION "2.12"
| #define PACKAGE_STRING "i3lock-color 2.12"
| #define PACKAGE_BUGREPORT "https://github.com/PandorasFox/i3lock-color/issues"
| #define PACKAGE_URL ""
| #define PACKAGE "i3lock-color"
| #define VERSION "2.12"
| #define I3LOCK_VERSION "2.12.c-60-g4c341b8 (2019-11-20, branch \"master\")"
| #define STDC_HEADERS 1
| #define HAVE_SYS_TYPES_H 1
| #define HAVE_SYS_STAT_H 1
| #define HAVE_STDLIB_H 1
| #define HAVE_STRING_H 1
| #define HAVE_MEMORY_H 1
| #define HAVE_STRINGS_H 1
| #define HAVE_INTTYPES_H 1
| #define HAVE_STDINT_H 1
| #define HAVE_UNISTD_H 1
| #define __EXTENSIONS__ 1
| #define _ALL_SOURCE 1
| #define _GNU_SOURCE 1
| #define _POSIX_PTHREAD_SEMANTICS 1
| #define _TANDEM_SOURCE 1
| #define HAVE__BOOL 1
| /* end confdefs.h.  */
| #include <stdio.h>
| #ifdef HAVE_SYS_TYPES_H
| # include <sys/types.h>
| #endif
| #ifdef HAVE_SYS_STAT_H
| # include <sys/stat.h>
| #endif
| #ifdef STDC_HEADERS
| # include <stdlib.h>
| # include <stddef.h>
| #else
| # ifdef HAVE_STDLIB_H
| #  include <stdlib.h>
| # endif
| #endif
| #ifdef HAVE_STRING_H
| # if !defined STDC_HEADERS && defined HAVE_MEMORY_H
| #  include <memory.h>
| # endif
| # include <string.h>
| #endif
| #ifdef HAVE_STRINGS_H
| # include <strings.h>
| #endif
| #ifdef HAVE_INTTYPES_H
| # include <inttypes.h>
| #endif
| #ifdef HAVE_STDINT_H
| # include <stdint.h>
| #endif
| #ifdef HAVE_UNISTD_H
| # include <unistd.h>
| #endif
| int
| main ()
| {
| if (sizeof ((mode_t)))
| 	    return 0;
|   ;
|   return 0;
| }
configure:5699: result: yes
configure:5713: checking for off_t
configure:5713: gcc -c  -g -O0  conftest.c >&5
configure:5713: $? = 0
configure:5713: gcc -c  -g -O0  conftest.c >&5
conftest.c: In function 'main':
conftest.c:65:20: error: expected expression before ')' token
 if (sizeof ((off_t)))
                    ^
configure:5713: $? = 1
configure: failed program was:
| /* confdefs.h */
| #define PACKAGE_NAME "i3lock-color"
| #define PACKAGE_TARNAME "i3lock-color"
| #define PACKAGE_VERSION "2.12"
| #define PACKAGE_STRING "i3lock-color 2.12"
| #define PACKAGE_BUGREPORT "https://github.com/PandorasFox/i3lock-color/issues"
| #define PACKAGE_URL ""
| #define PACKAGE "i3lock-color"
| #define VERSION "2.12"
| #define I3LOCK_VERSION "2.12.c-60-g4c341b8 (2019-11-20, branch \"master\")"
| #define STDC_HEADERS 1
| #define HAVE_SYS_TYPES_H 1
| #define HAVE_SYS_STAT_H 1
| #define HAVE_STDLIB_H 1
| #define HAVE_STRING_H 1
| #define HAVE_MEMORY_H 1
| #define HAVE_STRINGS_H 1
| #define HAVE_INTTYPES_H 1
| #define HAVE_STDINT_H 1
| #define HAVE_UNISTD_H 1
| #define __EXTENSIONS__ 1
| #define _ALL_SOURCE 1
| #define _GNU_SOURCE 1
| #define _POSIX_PTHREAD_SEMANTICS 1
| #define _TANDEM_SOURCE 1
| #define HAVE__BOOL 1
| #define HAVE_MODE_T 1
| /* end confdefs.h.  */
| #include <stdio.h>
| #ifdef HAVE_SYS_TYPES_H
| # include <sys/types.h>
| #endif
| #ifdef HAVE_SYS_STAT_H
| # include <sys/stat.h>
| #endif
| #ifdef STDC_HEADERS
| # include <stdlib.h>
| # include <stddef.h>
| #else
| # ifdef HAVE_STDLIB_H
| #  include <stdlib.h>
| # endif
| #endif
| #ifdef HAVE_STRING_H
| # if !defined STDC_HEADERS && defined HAVE_MEMORY_H
| #  include <memory.h>
| # endif
| # include <string.h>
| #endif
| #ifdef HAVE_STRINGS_H
| # include <strings.h>
| #endif
| #ifdef HAVE_INTTYPES_H
| # include <inttypes.h>
| #endif
| #ifdef HAVE_STDINT_H
| # include <stdint.h>
| #endif
| #ifdef HAVE_UNISTD_H
| # include <unistd.h>
| #endif
| int
| main ()
| {
| if (sizeof ((off_t)))
| 	    return 0;
|   ;
|   return 0;
| }
configure:5713: result: yes
configure:5727: checking for pid_t
configure:5727: gcc -c  -g -O0  conftest.c >&5
configure:5727: $? = 0
configure:5727: gcc -c  -g -O0  conftest.c >&5
conftest.c: In function 'main':
conftest.c:66:20: error: expected expression before ')' token
 if (sizeof ((pid_t)))
                    ^
configure:5727: $? = 1
configure: failed program was:
| /* confdefs.h */
| #define PACKAGE_NAME "i3lock-color"
| #define PACKAGE_TARNAME "i3lock-color"
| #define PACKAGE_VERSION "2.12"
| #define PACKAGE_STRING "i3lock-color 2.12"
| #define PACKAGE_BUGREPORT "https://github.com/PandorasFox/i3lock-color/issues"
| #define PACKAGE_URL ""
| #define PACKAGE "i3lock-color"
| #define VERSION "2.12"
| #define I3LOCK_VERSION "2.12.c-60-g4c341b8 (2019-11-20, branch \"master\")"
| #define STDC_HEADERS 1
| #define HAVE_SYS_TYPES_H 1
| #define HAVE_SYS_STAT_H 1
| #define HAVE_STDLIB_H 1
| #define HAVE_STRING_H 1
| #define HAVE_MEMORY_H 1
| #define HAVE_STRINGS_H 1
| #define HAVE_INTTYPES_H 1
| #define HAVE_STDINT_H 1
| #define HAVE_UNISTD_H 1
| #define __EXTENSIONS__ 1
| #define _ALL_SOURCE 1
| #define _GNU_SOURCE 1
| #define _POSIX_PTHREAD_SEMANTICS 1
| #define _TANDEM_SOURCE 1
| #define HAVE__BOOL 1
| #define HAVE_MODE_T 1
| #define HAVE_OFF_T 1
| /* end confdefs.h.  */
| #include <stdio.h>
| #ifdef HAVE_SYS_TYPES_H
| # include <sys/types.h>
| #endif
| #ifdef HAVE_SYS_STAT_H
| # include <sys/stat.h>
| #endif
| #ifdef STDC_HEADERS
| # include <stdlib.h>
| # include <stddef.h>
| #else
| # ifdef HAVE_STDLIB_H
| #  include <stdlib.h>
| # endif
| #endif
| #ifdef HAVE_STRING_H
| # if !defined STDC_HEADERS && defined HAVE_MEMORY_H
| #  include <memory.h>
| # endif
| # include <string.h>
| #endif
| #ifdef HAVE_STRINGS_H
| # include <strings.h>
| #endif
| #ifdef HAVE_INTTYPES_H
| # include <inttypes.h>
| #endif
| #ifdef HAVE_STDINT_H
| # include <stdint.h>
| #endif
| #ifdef HAVE_UNISTD_H
| # include <unistd.h>
| #endif
| int
| main ()
| {
| if (sizeof ((pid_t)))
| 	    return 0;
|   ;
|   return 0;
| }
configure:5727: result: yes
configure:5741: checking for size_t
configure:5741: gcc -c  -g -O0  conftest.c >&5
configure:5741: $? = 0
configure:5741: gcc -c  -g -O0  conftest.c >&5
conftest.c: In function 'main':
conftest.c:67:21: error: expected expression before ')' token
 if (sizeof ((size_t)))
                     ^
configure:5741: $? = 1
configure: failed program was:
| /* confdefs.h */
| #define PACKAGE_NAME "i3lock-color"
| #define PACKAGE_TARNAME "i3lock-color"
| #define PACKAGE_VERSION "2.12"
| #define PACKAGE_STRING "i3lock-color 2.12"
| #define PACKAGE_BUGREPORT "https://github.com/PandorasFox/i3lock-color/issues"
| #define PACKAGE_URL ""
| #define PACKAGE "i3lock-color"
| #define VERSION "2.12"
| #define I3LOCK_VERSION "2.12.c-60-g4c341b8 (2019-11-20, branch \"master\")"
| #define STDC_HEADERS 1
| #define HAVE_SYS_TYPES_H 1
| #define HAVE_SYS_STAT_H 1
| #define HAVE_STDLIB_H 1
| #define HAVE_STRING_H 1
| #define HAVE_MEMORY_H 1
| #define HAVE_STRINGS_H 1
| #define HAVE_INTTYPES_H 1
| #define HAVE_STDINT_H 1
| #define HAVE_UNISTD_H 1
| #define __EXTENSIONS__ 1
| #define _ALL_SOURCE 1
| #define _GNU_SOURCE 1
| #define _POSIX_PTHREAD_SEMANTICS 1
| #define _TANDEM_SOURCE 1
| #define HAVE__BOOL 1
| #define HAVE_MODE_T 1
| #define HAVE_OFF_T 1
| #define HAVE_PID_T 1
| /* end confdefs.h.  */
| #include <stdio.h>
| #ifdef HAVE_SYS_TYPES_H
| # include <sys/types.h>
| #endif
| #ifdef HAVE_SYS_STAT_H
| # include <sys/stat.h>
| #endif
| #ifdef STDC_HEADERS
| # include <stdlib.h>
| # include <stddef.h>
| #else
| # ifdef HAVE_STDLIB_H
| #  include <stdlib.h>
| # endif
| #endif
| #ifdef HAVE_STRING_H
| # if !defined STDC_HEADERS && defined HAVE_MEMORY_H
| #  include <memory.h>
| # endif
| # include <string.h>
| #endif
| #ifdef HAVE_STRINGS_H
| # include <strings.h>
| #endif
| #ifdef HAVE_INTTYPES_H
| # include <inttypes.h>
| #endif
| #ifdef HAVE_STDINT_H
| # include <stdint.h>
| #endif
| #ifdef HAVE_UNISTD_H
| # include <unistd.h>
| #endif
| int
| main ()
| {
| if (sizeof ((size_t)))
| 	    return 0;
|   ;
|   return 0;
| }
configure:5741: result: yes
configure:5755: checking for ssize_t
configure:5755: gcc -c  -g -O0  conftest.c >&5
configure:5755: $? = 0
configure:5755: gcc -c  -g -O0  conftest.c >&5
conftest.c: In function 'main':
conftest.c:68:22: error: expected expression before ')' token
 if (sizeof ((ssize_t)))
                      ^
configure:5755: $? = 1
configure: failed program was:
| /* confdefs.h */
| #define PACKAGE_NAME "i3lock-color"
| #define PACKAGE_TARNAME "i3lock-color"
| #define PACKAGE_VERSION "2.12"
| #define PACKAGE_STRING "i3lock-color 2.12"
| #define PACKAGE_BUGREPORT "https://github.com/PandorasFox/i3lock-color/issues"
| #define PACKAGE_URL ""
| #define PACKAGE "i3lock-color"
| #define VERSION "2.12"
| #define I3LOCK_VERSION "2.12.c-60-g4c341b8 (2019-11-20, branch \"master\")"
| #define STDC_HEADERS 1
| #define HAVE_SYS_TYPES_H 1
| #define HAVE_SYS_STAT_H 1
| #define HAVE_STDLIB_H 1
| #define HAVE_STRING_H 1
| #define HAVE_MEMORY_H 1
| #define HAVE_STRINGS_H 1
| #define HAVE_INTTYPES_H 1
| #define HAVE_STDINT_H 1
| #define HAVE_UNISTD_H 1
| #define __EXTENSIONS__ 1
| #define _ALL_SOURCE 1
| #define _GNU_SOURCE 1
| #define _POSIX_PTHREAD_SEMANTICS 1
| #define _TANDEM_SOURCE 1
| #define HAVE__BOOL 1
| #define HAVE_MODE_T 1
| #define HAVE_OFF_T 1
| #define HAVE_PID_T 1
| #define HAVE_SIZE_T 1
| /* end confdefs.h.  */
| #include <stdio.h>
| #ifdef HAVE_SYS_TYPES_H
| # include <sys/types.h>
| #endif
| #ifdef HAVE_SYS_STAT_H
| # include <sys/stat.h>
| #endif
| #ifdef STDC_HEADERS
| # include <stdlib.h>
| # include <stddef.h>
| #else
| # ifdef HAVE_STDLIB_H
| #  include <stdlib.h>
| # endif
| #endif
| #ifdef HAVE_STRING_H
| # if !defined STDC_HEADERS && defined HAVE_MEMORY_H
| #  include <memory.h>
| # endif
| # include <string.h>
| #endif
| #ifdef HAVE_STRINGS_H
| # include <strings.h>
| #endif
| #ifdef HAVE_INTTYPES_H
| # include <inttypes.h>
| #endif
| #ifdef HAVE_STDINT_H
| # include <stdint.h>
| #endif
| #ifdef HAVE_UNISTD_H
| # include <unistd.h>
| #endif
| int
| main ()
| {
| if (sizeof ((ssize_t)))
| 	    return 0;
|   ;
|   return 0;
| }
configure:5755: result: yes
configure:5772: checking for pid_t
configure:5772: result: yes
configure:5785: checking vfork.h usability
configure:5785: gcc -c  -g -O0  conftest.c >&5
conftest.c:66:10: fatal error: vfork.h: No such file or directory
 #include <vfork.h>
          ^~~~~~~~~
compilation terminated.
configure:5785: $? = 1
configure: failed program was:
| /* confdefs.h */
| #define PACKAGE_NAME "i3lock-color"
| #define PACKAGE_TARNAME "i3lock-color"
| #define PACKAGE_VERSION "2.12"
| #define PACKAGE_STRING "i3lock-color 2.12"
| #define PACKAGE_BUGREPORT "https://github.com/PandorasFox/i3lock-color/issues"
| #define PACKAGE_URL ""
| #define PACKAGE "i3lock-color"
| #define VERSION "2.12"
| #define I3LOCK_VERSION "2.12.c-60-g4c341b8 (2019-11-20, branch \"master\")"
| #define STDC_HEADERS 1
| #define HAVE_SYS_TYPES_H 1
| #define HAVE_SYS_STAT_H 1
| #define HAVE_STDLIB_H 1
| #define HAVE_STRING_H 1
| #define HAVE_MEMORY_H 1
| #define HAVE_STRINGS_H 1
| #define HAVE_INTTYPES_H 1
| #define HAVE_STDINT_H 1
| #define HAVE_UNISTD_H 1
| #define __EXTENSIONS__ 1
| #define _ALL_SOURCE 1
| #define _GNU_SOURCE 1
| #define _POSIX_PTHREAD_SEMANTICS 1
| #define _TANDEM_SOURCE 1
| #define HAVE__BOOL 1
| #define HAVE_MODE_T 1
| #define HAVE_OFF_T 1
| #define HAVE_PID_T 1
| #define HAVE_SIZE_T 1
| #define HAVE_SSIZE_T 1
| /* end confdefs.h.  */
| #include <stdio.h>
| #ifdef HAVE_SYS_TYPES_H
| # include <sys/types.h>
| #endif
| #ifdef HAVE_SYS_STAT_H
| # include <sys/stat.h>
| #endif
| #ifdef STDC_HEADERS
| # include <stdlib.h>
| # include <stddef.h>
| #else
| # ifdef HAVE_STDLIB_H
| #  include <stdlib.h>
| # endif
| #endif
| #ifdef HAVE_STRING_H
| # if !defined STDC_HEADERS && defined HAVE_MEMORY_H
| #  include <memory.h>
| # endif
| # include <string.h>
| #endif
| #ifdef HAVE_STRINGS_H
| # include <strings.h>
| #endif
| #ifdef HAVE_INTTYPES_H
| # include <inttypes.h>
| #endif
| #ifdef HAVE_STDINT_H
| # include <stdint.h>
| #endif
| #ifdef HAVE_UNISTD_H
| # include <unistd.h>
| #endif
| #include <vfork.h>
configure:5785: result: no
configure:5785: checking vfork.h presence
configure:5785: gcc -E  conftest.c
conftest.c:33:10: fatal error: vfork.h: No such file or directory
 #include <vfork.h>
          ^~~~~~~~~
compilation terminated.
configure:5785: $? = 1
configure: failed program was:
| /* confdefs.h */
| #define PACKAGE_NAME "i3lock-color"
| #define PACKAGE_TARNAME "i3lock-color"
| #define PACKAGE_VERSION "2.12"
| #define PACKAGE_STRING "i3lock-color 2.12"
| #define PACKAGE_BUGREPORT "https://github.com/PandorasFox/i3lock-color/issues"
| #define PACKAGE_URL ""
| #define PACKAGE "i3lock-color"
| #define VERSION "2.12"
| #define I3LOCK_VERSION "2.12.c-60-g4c341b8 (2019-11-20, branch \"master\")"
| #define STDC_HEADERS 1
| #define HAVE_SYS_TYPES_H 1
| #define HAVE_SYS_STAT_H 1
| #define HAVE_STDLIB_H 1
| #define HAVE_STRING_H 1
| #define HAVE_MEMORY_H 1
| #define HAVE_STRINGS_H 1
| #define HAVE_INTTYPES_H 1
| #define HAVE_STDINT_H 1
| #define HAVE_UNISTD_H 1
| #define __EXTENSIONS__ 1
| #define _ALL_SOURCE 1
| #define _GNU_SOURCE 1
| #define _POSIX_PTHREAD_SEMANTICS 1
| #define _TANDEM_SOURCE 1
| #define HAVE__BOOL 1
| #define HAVE_MODE_T 1
| #define HAVE_OFF_T 1
| #define HAVE_PID_T 1
| #define HAVE_SIZE_T 1
| #define HAVE_SSIZE_T 1
| /* end confdefs.h.  */
| #include <vfork.h>
configure:5785: result: no
configure:5785: checking for vfork.h
configure:5785: result: no
configure:5798: checking for fork
configure:5798: gcc -o conftest  -g -O0   conftest.c  >&5
conftest.c:56:6: warning: conflicting types for built-in function 'fork' [-Wbuiltin-declaration-mismatch]
 char fork ();
      ^~~~
configure:5798: $? = 0
configure:5798: result: yes
configure:5798: checking for vfork
configure:5798: gcc -o conftest  -g -O0   conftest.c  >&5
configure:5798: $? = 0
configure:5798: result: yes
configure:5808: checking for working fork
configure:5830: gcc -o conftest  -g -O0   conftest.c  >&5
configure:5830: $? = 0
configure:5830: ./conftest
configure:5830: $? = 0
configure:5840: result: yes
configure:5861: checking for working vfork
configure:5971: result: yes
configure:5996: checking whether lstat correctly handles trailing slash
configure:6022: gcc -o conftest  -g -O0   conftest.c  >&5
configure:6022: $? = 0
configure:6022: ./conftest
configure:6022: $? = 0
configure:6039: result: yes
configure:6058: checking for working strnlen
configure:6096: gcc -o conftest  -g -O0   conftest.c  >&5
configure:6096: $? = 0
configure:6096: ./conftest
configure:6096: $? = 0
configure:6106: result: yes
configure:6118: checking for atexit
configure:6118: gcc -o conftest  -g -O0   conftest.c  >&5
configure:6118: $? = 0
configure:6118: result: yes
configure:6118: checking for dup2
configure:6118: gcc -o conftest  -g -O0   conftest.c  >&5
configure:6118: $? = 0
configure:6118: result: yes
configure:6118: checking for ftruncate
configure:6118: gcc -o conftest  -g -O0   conftest.c  >&5
configure:6118: $? = 0
configure:6118: result: yes
configure:6118: checking for getcwd
configure:6118: gcc -o conftest  -g -O0   conftest.c  >&5
configure:6118: $? = 0
configure:6118: result: yes
configure:6118: checking for gettimeofday
configure:6118: gcc -o conftest  -g -O0   conftest.c  >&5
configure:6118: $? = 0
configure:6118: result: yes
configure:6118: checking for localtime_r
configure:6118: gcc -o conftest  -g -O0   conftest.c  >&5
configure:6118: $? = 0
configure:6118: result: yes
configure:6118: checking for memchr
configure:6118: gcc -o conftest  -g -O0   conftest.c  >&5
conftest.c:67:6: warning: conflicting types for built-in function 'memchr' [-Wbuiltin-declaration-mismatch]
 char memchr ();
      ^~~~~~
configure:6118: $? = 0
configure:6118: result: yes
configure:6118: checking for memset
configure:6118: gcc -o conftest  -g -O0   conftest.c  >&5
conftest.c:68:6: warning: conflicting types for built-in function 'memset' [-Wbuiltin-declaration-mismatch]
 char memset ();
      ^~~~~~
configure:6118: $? = 0
configure:6118: result: yes
configure:6118: checking for mkdir
configure:6118: gcc -o conftest  -g -O0   conftest.c  >&5
configure:6118: $? = 0
configure:6118: result: yes
configure:6118: checking for rmdir
configure:6118: gcc -o conftest  -g -O0   conftest.c  >&5
configure:6118: $? = 0
configure:6118: result: yes
configure:6118: checking for setlocale
configure:6118: gcc -o conftest  -g -O0   conftest.c  >&5
configure:6118: $? = 0
configure:6118: result: yes
configure:6118: checking for socket
configure:6118: gcc -o conftest  -g -O0   conftest.c  >&5
configure:6118: $? = 0
configure:6118: result: yes
configure:6118: checking for strcasecmp
configure:6118: gcc -o conftest  -g -O0   conftest.c  >&5
conftest.c:73:6: warning: conflicting types for built-in function 'strcasecmp' [-Wbuiltin-declaration-mismatch]
 char strcasecmp ();
      ^~~~~~~~~~
configure:6118: $? = 0
configure:6118: result: yes
configure:6118: checking for strchr
configure:6118: gcc -o conftest  -g -O0   conftest.c  >&5
conftest.c:74:6: warning: conflicting types for built-in function 'strchr' [-Wbuiltin-declaration-mismatch]
 char strchr ();
      ^~~~~~
configure:6118: $? = 0
configure:6118: result: yes
configure:6118: checking for strdup
configure:6118: gcc -o conftest  -g -O0   conftest.c  >&5
conftest.c:75:6: warning: conflicting types for built-in function 'strdup' [-Wbuiltin-declaration-mismatch]
 char strdup ();
      ^~~~~~
configure:6118: $? = 0
configure:6118: result: yes
configure:6118: checking for strerror
configure:6118: gcc -o conftest  -g -O0   conftest.c  >&5
configure:6118: $? = 0
configure:6118: result: yes
configure:6118: checking for strncasecmp
configure:6118: gcc -o conftest  -g -O0   conftest.c  >&5
conftest.c:77:6: warning: conflicting types for built-in function 'strncasecmp' [-Wbuiltin-declaration-mismatch]
 char strncasecmp ();
      ^~~~~~~~~~~
configure:6118: $? = 0
configure:6118: result: yes
configure:6118: checking for strndup
configure:6118: gcc -o conftest  -g -O0   conftest.c  >&5
conftest.c:78:6: warning: conflicting types for built-in function 'strndup' [-Wbuiltin-declaration-mismatch]
 char strndup ();
      ^~~~~~~
configure:6118: $? = 0
configure:6118: result: yes
configure:6118: checking for strrchr
configure:6118: gcc -o conftest  -g -O0   conftest.c  >&5
conftest.c:79:6: warning: conflicting types for built-in function 'strrchr' [-Wbuiltin-declaration-mismatch]
 char strrchr ();
      ^~~~~~~
configure:6118: $? = 0
configure:6118: result: yes
configure:6118: checking for strspn
configure:6118: gcc -o conftest  -g -O0   conftest.c  >&5
conftest.c:80:6: warning: conflicting types for built-in function 'strspn' [-Wbuiltin-declaration-mismatch]
 char strspn ();
      ^~~~~~
configure:6118: $? = 0
configure:6118: result: yes
configure:6118: checking for strstr
configure:6118: gcc -o conftest  -g -O0   conftest.c  >&5
conftest.c:81:6: warning: conflicting types for built-in function 'strstr' [-Wbuiltin-declaration-mismatch]
 char strstr ();
      ^~~~~~
configure:6118: $? = 0
configure:6118: result: yes
configure:6118: checking for strtol
configure:6118: gcc -o conftest  -g -O0   conftest.c  >&5
configure:6118: $? = 0
configure:6118: result: yes
configure:6118: checking for strtoul
configure:6118: gcc -o conftest  -g -O0   conftest.c  >&5
configure:6118: $? = 0
configure:6118: result: yes
configure:6135: checking for library containing floor
configure:6166: gcc -o conftest  -g -O0   conftest.c  >&5
conftest.c:68:6: warning: conflicting types for built-in function 'floor' [-Wbuiltin-declaration-mismatch]
 char floor ();
      ^~~~~
/tmp/ccC20N8W.o: In function `main':
/home/ronan/Documents/stuff/i3lock-color/build/conftest.c:72: undefined reference to `floor'
collect2: error: ld returned 1 exit status
configure:6166: $? = 1
configure: failed program was:
| /* confdefs.h */
| #define PACKAGE_NAME "i3lock-color"
| #define PACKAGE_TARNAME "i3lock-color"
| #define PACKAGE_VERSION "2.12"
| #define PACKAGE_STRING "i3lock-color 2.12"
| #define PACKAGE_BUGREPORT "https://github.com/PandorasFox/i3lock-color/issues"
| #define PACKAGE_URL ""
| #define PACKAGE "i3lock-color"
| #define VERSION "2.12"
| #define I3LOCK_VERSION "2.12.c-60-g4c341b8 (2019-11-20, branch \"master\")"
| #define STDC_HEADERS 1
| #define HAVE_SYS_TYPES_H 1
| #define HAVE_SYS_STAT_H 1
| #define HAVE_STDLIB_H 1
| #define HAVE_STRING_H 1
| #define HAVE_MEMORY_H 1
| #define HAVE_STRINGS_H 1
| #define HAVE_INTTYPES_H 1
| #define HAVE_STDINT_H 1
| #define HAVE_UNISTD_H 1
| #define __EXTENSIONS__ 1
| #define _ALL_SOURCE 1
| #define _GNU_SOURCE 1
| #define _POSIX_PTHREAD_SEMANTICS 1
| #define _TANDEM_SOURCE 1
| #define HAVE__BOOL 1
| #define HAVE_MODE_T 1
| #define HAVE_OFF_T 1
| #define HAVE_PID_T 1
| #define HAVE_SIZE_T 1
| #define HAVE_SSIZE_T 1
| #define HAVE_FORK 1
| #define HAVE_VFORK 1
| #define HAVE_WORKING_VFORK 1
| #define HAVE_WORKING_FORK 1
| #define LSTAT_FOLLOWS_SLASHED_SYMLINK 1
| #define HAVE_ATEXIT 1
| #define HAVE_DUP2 1
| #define HAVE_FTRUNCATE 1
| #define HAVE_GETCWD 1
| #define HAVE_GETTIMEOFDAY 1
| #define HAVE_LOCALTIME_R 1
| #define HAVE_MEMCHR 1
| #define HAVE_MEMSET 1
| #define HAVE_MKDIR 1
| #define HAVE_RMDIR 1
| #define HAVE_SETLOCALE 1
| #define HAVE_SOCKET 1
| #define HAVE_STRCASECMP 1
| #define HAVE_STRCHR 1
| #define HAVE_STRDUP 1
| #define HAVE_STRERROR 1
| #define HAVE_STRNCASECMP 1
| #define HAVE_STRNDUP 1
| #define HAVE_STRRCHR 1
| #define HAVE_STRSPN 1
| #define HAVE_STRSTR 1
| #define HAVE_STRTOL 1
| #define HAVE_STRTOUL 1
| /* end confdefs.h.  */
| 
| /* Override any GCC internal prototype to avoid an error.
|    Use char because int might match the return type of a GCC
|    builtin and then its argument prototype would still apply.  */
| #ifdef __cplusplus
| extern "C"
| #endif
| char floor ();
| int
| main ()
| {
| return floor ();
|   ;
|   return 0;
| }
configure:6166: gcc -o conftest  -g -O0   conftest.c -lm   >&5
conftest.c:68:6: warning: conflicting types for built-in function 'floor' [-Wbuiltin-declaration-mismatch]
 char floor ();
      ^~~~~
configure:6166: $? = 0
configure:6183: result: -lm
configure:6198: checking for library containing ev_run
configure:6229: gcc -o conftest  -g -O0   conftest.c -lm  >&5
/tmp/cc09KJz2.o: In function `main':
/home/ronan/Documents/stuff/i3lock-color/build/conftest.c:72: undefined reference to `ev_run'
collect2: error: ld returned 1 exit status
configure:6229: $? = 1
configure: failed program was:
| /* confdefs.h */
| #define PACKAGE_NAME "i3lock-color"
| #define PACKAGE_TARNAME "i3lock-color"
| #define PACKAGE_VERSION "2.12"
| #define PACKAGE_STRING "i3lock-color 2.12"
| #define PACKAGE_BUGREPORT "https://github.com/PandorasFox/i3lock-color/issues"
| #define PACKAGE_URL ""
| #define PACKAGE "i3lock-color"
| #define VERSION "2.12"
| #define I3LOCK_VERSION "2.12.c-60-g4c341b8 (2019-11-20, branch \"master\")"
| #define STDC_HEADERS 1
| #define HAVE_SYS_TYPES_H 1
| #define HAVE_SYS_STAT_H 1
| #define HAVE_STDLIB_H 1
| #define HAVE_STRING_H 1
| #define HAVE_MEMORY_H 1
| #define HAVE_STRINGS_H 1
| #define HAVE_INTTYPES_H 1
| #define HAVE_STDINT_H 1
| #define HAVE_UNISTD_H 1
| #define __EXTENSIONS__ 1
| #define _ALL_SOURCE 1
| #define _GNU_SOURCE 1
| #define _POSIX_PTHREAD_SEMANTICS 1
| #define _TANDEM_SOURCE 1
| #define HAVE__BOOL 1
| #define HAVE_MODE_T 1
| #define HAVE_OFF_T 1
| #define HAVE_PID_T 1
| #define HAVE_SIZE_T 1
| #define HAVE_SSIZE_T 1
| #define HAVE_FORK 1
| #define HAVE_VFORK 1
| #define HAVE_WORKING_VFORK 1
| #define HAVE_WORKING_FORK 1
| #define LSTAT_FOLLOWS_SLASHED_SYMLINK 1
| #define HAVE_ATEXIT 1
| #define HAVE_DUP2 1
| #define HAVE_FTRUNCATE 1
| #define HAVE_GETCWD 1
| #define HAVE_GETTIMEOFDAY 1
| #define HAVE_LOCALTIME_R 1
| #define HAVE_MEMCHR 1
| #define HAVE_MEMSET 1
| #define HAVE_MKDIR 1
| #define HAVE_RMDIR 1
| #define HAVE_SETLOCALE 1
| #define HAVE_SOCKET 1
| #define HAVE_STRCASECMP 1
| #define HAVE_STRCHR 1
| #define HAVE_STRDUP 1
| #define HAVE_STRERROR 1
| #define HAVE_STRNCASECMP 1
| #define HAVE_STRNDUP 1
| #define HAVE_STRRCHR 1
| #define HAVE_STRSPN 1
| #define HAVE_STRSTR 1
| #define HAVE_STRTOL 1
| #define HAVE_STRTOUL 1
| /* end confdefs.h.  */
| 
| /* Override any GCC internal prototype to avoid an error.
|    Use char because int might match the return type of a GCC
|    builtin and then its argument prototype would still apply.  */
| #ifdef __cplusplus
| extern "C"
| #endif
| char ev_run ();
| int
| main ()
| {
| return ev_run ();
|   ;
|   return 0;
| }
configure:6229: gcc -o conftest  -g -O0   conftest.c -lev  -lm  >&5
configure:6229: $? = 0
configure:6246: result: -lev
configure:6260: checking for library containing shm_open
configure:6291: gcc -o conftest  -g -O0   conftest.c -lev -lm  >&5
/tmp/ccQexvFa.o: In function `main':
/home/ronan/Documents/stuff/i3lock-color/build/conftest.c:72: undefined reference to `shm_open'
collect2: error: ld returned 1 exit status
configure:6291: $? = 1
configure: failed program was:
| /* confdefs.h */
| #define PACKAGE_NAME "i3lock-color"
| #define PACKAGE_TARNAME "i3lock-color"
| #define PACKAGE_VERSION "2.12"
| #define PACKAGE_STRING "i3lock-color 2.12"
| #define PACKAGE_BUGREPORT "https://github.com/PandorasFox/i3lock-color/issues"
| #define PACKAGE_URL ""
| #define PACKAGE "i3lock-color"
| #define VERSION "2.12"
| #define I3LOCK_VERSION "2.12.c-60-g4c341b8 (2019-11-20, branch \"master\")"
| #define STDC_HEADERS 1
| #define HAVE_SYS_TYPES_H 1
| #define HAVE_SYS_STAT_H 1
| #define HAVE_STDLIB_H 1
| #define HAVE_STRING_H 1
| #define HAVE_MEMORY_H 1
| #define HAVE_STRINGS_H 1
| #define HAVE_INTTYPES_H 1
| #define HAVE_STDINT_H 1
| #define HAVE_UNISTD_H 1
| #define __EXTENSIONS__ 1
| #define _ALL_SOURCE 1
| #define _GNU_SOURCE 1
| #define _POSIX_PTHREAD_SEMANTICS 1
| #define _TANDEM_SOURCE 1
| #define HAVE__BOOL 1
| #define HAVE_MODE_T 1
| #define HAVE_OFF_T 1
| #define HAVE_PID_T 1
| #define HAVE_SIZE_T 1
| #define HAVE_SSIZE_T 1
| #define HAVE_FORK 1
| #define HAVE_VFORK 1
| #define HAVE_WORKING_VFORK 1
| #define HAVE_WORKING_FORK 1
| #define LSTAT_FOLLOWS_SLASHED_SYMLINK 1
| #define HAVE_ATEXIT 1
| #define HAVE_DUP2 1
| #define HAVE_FTRUNCATE 1
| #define HAVE_GETCWD 1
| #define HAVE_GETTIMEOFDAY 1
| #define HAVE_LOCALTIME_R 1
| #define HAVE_MEMCHR 1
| #define HAVE_MEMSET 1
| #define HAVE_MKDIR 1
| #define HAVE_RMDIR 1
| #define HAVE_SETLOCALE 1
| #define HAVE_SOCKET 1
| #define HAVE_STRCASECMP 1
| #define HAVE_STRCHR 1
| #define HAVE_STRDUP 1
| #define HAVE_STRERROR 1
| #define HAVE_STRNCASECMP 1
| #define HAVE_STRNDUP 1
| #define HAVE_STRRCHR 1
| #define HAVE_STRSPN 1
| #define HAVE_STRSTR 1
| #define HAVE_STRTOL 1
| #define HAVE_STRTOUL 1
| /* end confdefs.h.  */
| 
| /* Override any GCC internal prototype to avoid an error.
|    Use char because int might match the return type of a GCC
|    builtin and then its argument prototype would still apply.  */
| #ifdef __cplusplus
| extern "C"
| #endif
| char shm_open ();
| int
| main ()
| {
| return shm_open ();
|   ;
|   return 0;
| }
configure:6291: gcc -o conftest  -g -O0   conftest.c -lrt  -lev -lm  >&5
configure:6291: $? = 0
configure:6308: result: -lrt
configure:6323: checking for library containing pam_authenticate
configure:6354: gcc -o conftest  -g -O0   conftest.c -lrt -lev -lm  >&5
/tmp/ccufylcg.o: In function `main':
/home/ronan/Documents/stuff/i3lock-color/build/conftest.c:72: undefined reference to `pam_authenticate'
collect2: error: ld returned 1 exit status
configure:6354: $? = 1
configure: failed program was:
| /* confdefs.h */
| #define PACKAGE_NAME "i3lock-color"
| #define PACKAGE_TARNAME "i3lock-color"
| #define PACKAGE_VERSION "2.12"
| #define PACKAGE_STRING "i3lock-color 2.12"
| #define PACKAGE_BUGREPORT "https://github.com/PandorasFox/i3lock-color/issues"
| #define PACKAGE_URL ""
| #define PACKAGE "i3lock-color"
| #define VERSION "2.12"
| #define I3LOCK_VERSION "2.12.c-60-g4c341b8 (2019-11-20, branch \"master\")"
| #define STDC_HEADERS 1
| #define HAVE_SYS_TYPES_H 1
| #define HAVE_SYS_STAT_H 1
| #define HAVE_STDLIB_H 1
| #define HAVE_STRING_H 1
| #define HAVE_MEMORY_H 1
| #define HAVE_STRINGS_H 1
| #define HAVE_INTTYPES_H 1
| #define HAVE_STDINT_H 1
| #define HAVE_UNISTD_H 1
| #define __EXTENSIONS__ 1
| #define _ALL_SOURCE 1
| #define _GNU_SOURCE 1
| #define _POSIX_PTHREAD_SEMANTICS 1
| #define _TANDEM_SOURCE 1
| #define HAVE__BOOL 1
| #define HAVE_MODE_T 1
| #define HAVE_OFF_T 1
| #define HAVE_PID_T 1
| #define HAVE_SIZE_T 1
| #define HAVE_SSIZE_T 1
| #define HAVE_FORK 1
| #define HAVE_VFORK 1
| #define HAVE_WORKING_VFORK 1
| #define HAVE_WORKING_FORK 1
| #define LSTAT_FOLLOWS_SLASHED_SYMLINK 1
| #define HAVE_ATEXIT 1
| #define HAVE_DUP2 1
| #define HAVE_FTRUNCATE 1
| #define HAVE_GETCWD 1
| #define HAVE_GETTIMEOFDAY 1
| #define HAVE_LOCALTIME_R 1
| #define HAVE_MEMCHR 1
| #define HAVE_MEMSET 1
| #define HAVE_MKDIR 1
| #define HAVE_RMDIR 1
| #define HAVE_SETLOCALE 1
| #define HAVE_SOCKET 1
| #define HAVE_STRCASECMP 1
| #define HAVE_STRCHR 1
| #define HAVE_STRDUP 1
| #define HAVE_STRERROR 1
| #define HAVE_STRNCASECMP 1
| #define HAVE_STRNDUP 1
| #define HAVE_STRRCHR 1
| #define HAVE_STRSPN 1
| #define HAVE_STRSTR 1
| #define HAVE_STRTOL 1
| #define HAVE_STRTOUL 1
| /* end confdefs.h.  */
| 
| /* Override any GCC internal prototype to avoid an error.
|    Use char because int might match the return type of a GCC
|    builtin and then its argument prototype would still apply.  */
| #ifdef __cplusplus
| extern "C"
| #endif
| char pam_authenticate ();
| int
| main ()
| {
| return pam_authenticate ();
|   ;
|   return 0;
| }
configure:6354: gcc -o conftest  -g -O0   conftest.c -lpam  -lrt -lev -lm  >&5
configure:6354: $? = 0
configure:6371: result: -lpam
configure:6382: checking for library containing iconv_open
configure:6413: gcc -o conftest  -g -O0   conftest.c -lpam -lrt -lev -lm  >&5
configure:6413: $? = 0
configure:6430: result: none required
configure:6498: checking for pkg-config
configure:6516: found /usr/bin/pkg-config
configure:6528: result: /usr/bin/pkg-config
configure:6553: checking pkg-config is at least version 0.9.0
configure:6556: result: yes
configure:6566: checking for XCB
configure:6573: $PKG_CONFIG --exists --print-errors "xcb xcb-xkb xcb-xinerama xcb-randr xcb-composite"
configure:6576: $? = 0
configure:6590: $PKG_CONFIG --exists --print-errors "xcb xcb-xkb xcb-xinerama xcb-randr xcb-composite"
configure:6593: $? = 0
configure:6651: result: yes
configure:6657: checking for XCB_IMAGE
configure:6664: $PKG_CONFIG --exists --print-errors "xcb-image"
configure:6667: $? = 0
configure:6681: $PKG_CONFIG --exists --print-errors "xcb-image"
configure:6684: $? = 0
configure:6742: result: yes
configure:6748: checking for XCB_UTIL
configure:6755: $PKG_CONFIG --exists --print-errors "xcb-event xcb-util xcb-atom"
configure:6758: $? = 0
configure:6772: $PKG_CONFIG --exists --print-errors "xcb-event xcb-util xcb-atom"
configure:6775: $? = 0
configure:6833: result: yes
configure:6839: checking for XCB_UTIL_XRM
configure:6846: $PKG_CONFIG --exists --print-errors "xcb-xrm"
configure:6849: $? = 0
configure:6863: $PKG_CONFIG --exists --print-errors "xcb-xrm"
configure:6866: $? = 0
configure:6924: result: yes
configure:6930: checking for XKBCOMMON
configure:6937: $PKG_CONFIG --exists --print-errors "xkbcommon xkbcommon-x11"
configure:6940: $? = 0
configure:6954: $PKG_CONFIG --exists --print-errors "xkbcommon xkbcommon-x11"
configure:6957: $? = 0
configure:7015: result: yes
configure:7021: checking for CAIRO
configure:7028: $PKG_CONFIG --exists --print-errors "cairo"
configure:7031: $? = 0
configure:7045: $PKG_CONFIG --exists --print-errors "cairo"
configure:7048: $? = 0
configure:7106: result: yes
configure:7112: checking for JPEG
configure:7119: $PKG_CONFIG --exists --print-errors "libjpeg"
configure:7122: $? = 0
configure:7136: $PKG_CONFIG --exists --print-errors "libjpeg"
configure:7139: $? = 0
configure:7197: result: yes
configure:7203: checking for FONTCONFIG
configure:7210: $PKG_CONFIG --exists --print-errors "fontconfig"
configure:7213: $? = 0
configure:7227: $PKG_CONFIG --exists --print-errors "fontconfig"
configure:7230: $? = 0
configure:7288: result: yes
configure:7299: checking for gawk
configure:7326: result: gawk
configure:7342: checking how to run the C preprocessor
configure:7412: result: gcc -E
configure:7432: gcc -E  conftest.c
configure:7432: $? = 0
configure:7446: gcc -E  conftest.c
conftest.c:61:10: fatal error: ac_nonexistent.h: No such file or directory
 #include <ac_nonexistent.h>
          ^~~~~~~~~~~~~~~~~~
compilation terminated.
configure:7446: $? = 1
configure: failed program was:
| /* confdefs.h */
| #define PACKAGE_NAME "i3lock-color"
| #define PACKAGE_TARNAME "i3lock-color"
| #define PACKAGE_VERSION "2.12"
| #define PACKAGE_STRING "i3lock-color 2.12"
| #define PACKAGE_BUGREPORT "https://github.com/PandorasFox/i3lock-color/issues"
| #define PACKAGE_URL ""
| #define PACKAGE "i3lock-color"
| #define VERSION "2.12"
| #define I3LOCK_VERSION "2.12.c-60-g4c341b8 (2019-11-20, branch \"master\")"
| #define STDC_HEADERS 1
| #define HAVE_SYS_TYPES_H 1
| #define HAVE_SYS_STAT_H 1
| #define HAVE_STDLIB_H 1
| #define HAVE_STRING_H 1
| #define HAVE_MEMORY_H 1
| #define HAVE_STRINGS_H 1
| #define HAVE_INTTYPES_H 1
| #define HAVE_STDINT_H 1
| #define HAVE_UNISTD_H 1
| #define __EXTENSIONS__ 1
| #define _ALL_SOURCE 1
| #define _GNU_SOURCE 1
| #define _POSIX_PTHREAD_SEMANTICS 1
| #define _TANDEM_SOURCE 1
| #define HAVE__BOOL 1
| #define HAVE_MODE_T 1
| #define HAVE_OFF_T 1
| #define HAVE_PID_T 1
| #define HAVE_SIZE_T 1
| #define HAVE_SSIZE_T 1
| #define HAVE_FORK 1
| #define HAVE_VFORK 1
| #define HAVE_WORKING_VFORK 1
| #define HAVE_WORKING_FORK 1
| #define LSTAT_FOLLOWS_SLASHED_SYMLINK 1
| #define HAVE_ATEXIT 1
| #define HAVE_DUP2 1
| #define HAVE_FTRUNCATE 1
| #define HAVE_GETCWD 1
| #define HAVE_GETTIMEOFDAY 1
| #define HAVE_LOCALTIME_R 1
| #define HAVE_MEMCHR 1
| #define HAVE_MEMSET 1
| #define HAVE_MKDIR 1
| #define HAVE_RMDIR 1
| #define HAVE_SETLOCALE 1
| #define HAVE_SOCKET 1
| #define HAVE_STRCASECMP 1
| #define HAVE_STRCHR 1
| #define HAVE_STRDUP 1
| #define HAVE_STRERROR 1
| #define HAVE_STRNCASECMP 1
| #define HAVE_STRNDUP 1
| #define HAVE_STRRCHR 1
| #define HAVE_STRSPN 1
| #define HAVE_STRSTR 1
| #define HAVE_STRTOL 1
| #define HAVE_STRTOUL 1
| /* end confdefs.h.  */
| #include <ac_nonexistent.h>
configure:7475: checking whether make sets $(MAKE)
configure:7497: result: yes
configure:7549: checking for ranlib
configure:7565: found /usr/bin/ranlib
configure:7576: result: ranlib
configure:7598: checking whether ln -s works
configure:7602: result: yes
configure:7659: checking for ar
configure:7675: found /usr/bin/ar
configure:7686: result: ar
configure:7712: checking the archiver (ar) interface
configure:7728: gcc -c  -g -O0  conftest.c >&5
configure:7728: $? = 0
configure:7730: ar cru libconftest.a conftest.o >&5
ar: `u' modifier ignored since `D' is the default (see `U')
configure:7733: $? = 0
configure:7761: result: ar
configure:7782: checking CFLAGS for maximum warnings
configure:7802: gcc -c  -g -O0 -warn all  -warn all  conftest.c >&5
gcc: error: all: No such file or directory
gcc: error: all: No such file or directory
gcc: error: unrecognized command line option '-warn'; did you mean '--warn-'?
gcc: error: unrecognized command line option '-warn'; did you mean '--warn-'?
configure:7802: $? = 1
configure: failed program was:
| /* confdefs.h */
| #define PACKAGE_NAME "i3lock-color"
| #define PACKAGE_TARNAME "i3lock-color"
| #define PACKAGE_VERSION "2.12"
| #define PACKAGE_STRING "i3lock-color 2.12"
| #define PACKAGE_BUGREPORT "https://github.com/PandorasFox/i3lock-color/issues"
| #define PACKAGE_URL ""
| #define PACKAGE "i3lock-color"
| #define VERSION "2.12"
| #define I3LOCK_VERSION "2.12.c-60-g4c341b8 (2019-11-20, branch \"master\")"
| #define STDC_HEADERS 1
| #define HAVE_SYS_TYPES_H 1
| #define HAVE_SYS_STAT_H 1
| #define HAVE_STDLIB_H 1
| #define HAVE_STRING_H 1
| #define HAVE_MEMORY_H 1
| #define HAVE_STRINGS_H 1
| #define HAVE_INTTYPES_H 1
| #define HAVE_STDINT_H 1
| #define HAVE_UNISTD_H 1
| #define __EXTENSIONS__ 1
| #define _ALL_SOURCE 1
| #define _GNU_SOURCE 1
| #define _POSIX_PTHREAD_SEMANTICS 1
| #define _TANDEM_SOURCE 1
| #define HAVE__BOOL 1
| #define HAVE_MODE_T 1
| #define HAVE_OFF_T 1
| #define HAVE_PID_T 1
| #define HAVE_SIZE_T 1
| #define HAVE_SSIZE_T 1
| #define HAVE_FORK 1
| #define HAVE_VFORK 1
| #define HAVE_WORKING_VFORK 1
| #define HAVE_WORKING_FORK 1
| #define LSTAT_FOLLOWS_SLASHED_SYMLINK 1
| #define HAVE_ATEXIT 1
| #define HAVE_DUP2 1
| #define HAVE_FTRUNCATE 1
| #define HAVE_GETCWD 1
| #define HAVE_GETTIMEOFDAY 1
| #define HAVE_LOCALTIME_R 1
| #define HAVE_MEMCHR 1
| #define HAVE_MEMSET 1
| #define HAVE_MKDIR 1
| #define HAVE_RMDIR 1
| #define HAVE_SETLOCALE 1
| #define HAVE_SOCKET 1
| #define HAVE_STRCASECMP 1
| #define HAVE_STRCHR 1
| #define HAVE_STRDUP 1
| #define HAVE_STRERROR 1
| #define HAVE_STRNCASECMP 1
| #define HAVE_STRNDUP 1
| #define HAVE_STRRCHR 1
| #define HAVE_STRSPN 1
| #define HAVE_STRSTR 1
| #define HAVE_STRTOL 1
| #define HAVE_STRTOUL 1
| /* end confdefs.h.  */
| 
| int
| main ()
| {
| 
|   ;
|   return 0;
| }
configure:7802: gcc -c  -g -O0 -pedantic  -Wall  conftest.c >&5
configure:7802: $? = 0
configure:7810: result: -Wall
configure:7830: : CFLAGS="$CFLAGS"
configure:7833: $? = 0
configure:7875: : AM_CFLAGS="$AM_CFLAGS"
configure:7878: $? = 0
configure:7896: : AM_CFLAGS="$AM_CFLAGS"
configure:7899: $? = 0
configure:7928: : AM_CFLAGS="$AM_CFLAGS"
configure:7931: $? = 0
configure:7947: checking whether C compiler accepts -Wunused-value
configure:7966: gcc -c  -g -O0 -Wall  -Wunused-value  conftest.c >&5
configure:7966: $? = 0
configure:7974: result: yes
configure:7990: : AM_CFLAGS="$AM_CFLAGS"
configure:7993: $? = 0
configure:8019: checking fcntl.h usability
configure:8019: gcc -c  -g -O0 -Wall  conftest.c >&5
configure:8019: $? = 0
configure:8019: result: yes
configure:8019: checking fcntl.h presence
configure:8019: gcc -E  conftest.c
configure:8019: $? = 0
configure:8019: result: yes
configure:8019: checking for fcntl.h
configure:8019: result: yes
configure:8019: checking float.h usability
configure:8019: gcc -c  -g -O0 -Wall  conftest.c >&5
configure:8019: $? = 0
configure:8019: result: yes
configure:8019: checking float.h presence
configure:8019: gcc -E  conftest.c
configure:8019: $? = 0
configure:8019: result: yes
configure:8019: checking for float.h
configure:8019: result: yes
configure:8019: checking for inttypes.h
configure:8019: result: yes
configure:8019: checking limits.h usability
configure:8019: gcc -c  -g -O0 -Wall  conftest.c >&5
configure:8019: $? = 0
configure:8019: result: yes
configure:8019: checking limits.h presence
configure:8019: gcc -E  conftest.c
configure:8019: $? = 0
configure:8019: result: yes
configure:8019: checking for limits.h
configure:8019: result: yes
configure:8019: checking locale.h usability
configure:8019: gcc -c  -g -O0 -Wall  conftest.c >&5
configure:8019: $? = 0
configure:8019: result: yes
configure:8019: checking locale.h presence
configure:8019: gcc -E  conftest.c
configure:8019: $? = 0
configure:8019: result: yes
configure:8019: checking for locale.h
configure:8019: result: yes
configure:8019: checking netinet/in.h usability
configure:8019: gcc -c  -g -O0 -Wall  conftest.c >&5
configure:8019: $? = 0
configure:8019: result: yes
configure:8019: checking netinet/in.h presence
configure:8019: gcc -E  conftest.c
configure:8019: $? = 0
configure:8019: result: yes
configure:8019: checking for netinet/in.h
configure:8019: result: yes
configure:8019: checking paths.h usability
configure:8019: gcc -c  -g -O0 -Wall  conftest.c >&5
configure:8019: $? = 0
configure:8019: result: yes
configure:8019: checking paths.h presence
configure:8019: gcc -E  conftest.c
configure:8019: $? = 0
configure:8019: result: yes
configure:8019: checking for paths.h
configure:8019: result: yes
configure:8019: checking stddef.h usability
configure:8019: gcc -c  -g -O0 -Wall  conftest.c >&5
configure:8019: $? = 0
configure:8019: result: yes
configure:8019: checking stddef.h presence
configure:8019: gcc -E  conftest.c
configure:8019: $? = 0
configure:8019: result: yes
configure:8019: checking for stddef.h
configure:8019: result: yes
configure:8019: checking for stdint.h
configure:8019: result: yes
configure:8019: checking for stdlib.h
configure:8019: result: yes
configure:8019: checking for string.h
configure:8019: result: yes
configure:8019: checking sys/param.h usability
configure:8019: gcc -c  -g -O0 -Wall  conftest.c >&5
configure:8019: $? = 0
configure:8019: result: yes
configure:8019: checking sys/param.h presence
configure:8019: gcc -E  conftest.c
configure:8019: $? = 0
configure:8019: result: yes
configure:8019: checking for sys/param.h
configure:8019: result: yes
configure:8019: checking sys/socket.h usability
configure:8019: gcc -c  -g -O0 -Wall  conftest.c >&5
configure:8019: $? = 0
configure:8019: result: yes
configure:8019: checking sys/socket.h presence
configure:8019: gcc -E  conftest.c
configure:8019: $? = 0
configure:8019: result: yes
configure:8019: checking for sys/socket.h
configure:8019: result: yes
configure:8019: checking sys/time.h usability
configure:8019: gcc -c  -g -O0 -Wall  conftest.c >&5
configure:8019: $? = 0
configure:8019: result: yes
configure:8019: checking sys/time.h presence
configure:8019: gcc -E  conftest.c
configure:8019: $? = 0
configure:8019: result: yes
configure:8019: checking for sys/time.h
configure:8019: result: yes
configure:8019: checking for unistd.h
configure:8019: result: yes
configure:8881: checking that generated files are newer than configure
configure:8887: result: done
configure:8918: creating ./config.status

## ---------------------- ##
## Running config.status. ##
## ---------------------- ##

This file was extended by i3lock-color config.status 2.12, which was
generated by GNU Autoconf 2.69.  Invocation command line was

  CONFIG_FILES    = 
  CONFIG_HEADERS  = 
  CONFIG_LINKS    = 
  CONFIG_COMMANDS = 
  $ ./config.status 

on ronan-XPS-13-7390

config.status:1094: creating Makefile
config.status:1094: creating config.h
config.status:1308: executing buildir commands
config.status:1321: skipping top_srcdir/Makefile - not created
config.status:1308: executing depfiles commands

## ---------------- ##
## Cache variables. ##
## ---------------- ##

_cv_gnu_make_command=make
ac_cv_build=x86_64-pc-linux-gnu
ac_cv_c_compiler_gnu=yes
ac_cv_cflags_warn_all=-Wall
ac_cv_env_CAIRO_CFLAGS_set=
ac_cv_env_CAIRO_CFLAGS_value=
ac_cv_env_CAIRO_LIBS_set=
ac_cv_env_CAIRO_LIBS_value=
ac_cv_env_CC_set=
ac_cv_env_CC_value=
ac_cv_env_CFLAGS_set=
ac_cv_env_CFLAGS_value=
ac_cv_env_CPPFLAGS_set=
ac_cv_env_CPPFLAGS_value=
ac_cv_env_CPP_set=
ac_cv_env_CPP_value=
ac_cv_env_FONTCONFIG_CFLAGS_set=
ac_cv_env_FONTCONFIG_CFLAGS_value=
ac_cv_env_FONTCONFIG_LIBS_set=
ac_cv_env_FONTCONFIG_LIBS_value=
ac_cv_env_JPEG_CFLAGS_set=
ac_cv_env_JPEG_CFLAGS_value=
ac_cv_env_JPEG_LIBS_set=
ac_cv_env_JPEG_LIBS_value=
ac_cv_env_LDFLAGS_set=
ac_cv_env_LDFLAGS_value=
ac_cv_env_LIBS_set=
ac_cv_env_LIBS_value=
ac_cv_env_PKG_CONFIG_LIBDIR_set=
ac_cv_env_PKG_CONFIG_LIBDIR_value=
ac_cv_env_PKG_CONFIG_PATH_set=
ac_cv_env_PKG_CONFIG_PATH_value=
ac_cv_env_PKG_CONFIG_set=
ac_cv_env_PKG_CONFIG_value=
ac_cv_env_XCB_CFLAGS_set=
ac_cv_env_XCB_CFLAGS_value=
ac_cv_env_XCB_IMAGE_CFLAGS_set=
ac_cv_env_XCB_IMAGE_CFLAGS_value=
ac_cv_env_XCB_IMAGE_LIBS_set=
ac_cv_env_XCB_IMAGE_LIBS_value=
ac_cv_env_XCB_LIBS_set=
ac_cv_env_XCB_LIBS_value=
ac_cv_env_XCB_UTIL_CFLAGS_set=
ac_cv_env_XCB_UTIL_CFLAGS_value=
ac_cv_env_XCB_UTIL_LIBS_set=
ac_cv_env_XCB_UTIL_LIBS_value=
ac_cv_env_XCB_UTIL_XRM_CFLAGS_set=
ac_cv_env_XCB_UTIL_XRM_CFLAGS_value=
ac_cv_env_XCB_UTIL_XRM_LIBS_set=
ac_cv_env_XCB_UTIL_XRM_LIBS_value=
ac_cv_env_XKBCOMMON_CFLAGS_set=
ac_cv_env_XKBCOMMON_CFLAGS_value=
ac_cv_env_XKBCOMMON_LIBS_set=
ac_cv_env_XKBCOMMON_LIBS_value=
ac_cv_env_build_alias_set=
ac_cv_env_build_alias_value=
ac_cv_env_host_alias_set=
ac_cv_env_host_alias_value=
ac_cv_env_target_alias_set=
ac_cv_env_target_alias_value=
ac_cv_func_atexit=yes
ac_cv_func_dup2=yes
ac_cv_func_fork=yes
ac_cv_func_fork_works=yes
ac_cv_func_ftruncate=yes
ac_cv_func_getcwd=yes
ac_cv_func_gettimeofday=yes
ac_cv_func_localtime_r=yes
ac_cv_func_lstat_dereferences_slashed_symlink=yes
ac_cv_func_memchr=yes
ac_cv_func_memset=yes
ac_cv_func_mkdir=yes
ac_cv_func_rmdir=yes
ac_cv_func_setlocale=yes
ac_cv_func_socket=yes
ac_cv_func_strcasecmp=yes
ac_cv_func_strchr=yes
ac_cv_func_strdup=yes
ac_cv_func_strerror=yes
ac_cv_func_strncasecmp=yes
ac_cv_func_strndup=yes
ac_cv_func_strnlen_working=yes
ac_cv_func_strrchr=yes
ac_cv_func_strspn=yes
ac_cv_func_strstr=yes
ac_cv_func_strtol=yes
ac_cv_func_strtoul=yes
ac_cv_func_vfork=yes
ac_cv_func_vfork_works=yes
ac_cv_header_fcntl_h=yes
ac_cv_header_float_h=yes
ac_cv_header_inttypes_h=yes
ac_cv_header_limits_h=yes
ac_cv_header_locale_h=yes
ac_cv_header_memory_h=yes
ac_cv_header_minix_config_h=no
ac_cv_header_netinet_in_h=yes
ac_cv_header_paths_h=yes
ac_cv_header_stdbool_h=yes
ac_cv_header_stdc=yes
ac_cv_header_stddef_h=yes
ac_cv_header_stdint_h=yes
ac_cv_header_stdlib_h=yes
ac_cv_header_string_h=yes
ac_cv_header_strings_h=yes
ac_cv_header_sys_param_h=yes
ac_cv_header_sys_socket_h=yes
ac_cv_header_sys_stat_h=yes
ac_cv_header_sys_time_h=yes
ac_cv_header_sys_types_h=yes
ac_cv_header_unistd_h=yes
ac_cv_header_vfork_h=no
ac_cv_host=x86_64-pc-linux-gnu
ac_cv_objext=o
ac_cv_path_EGREP='/bin/grep -E'
ac_cv_path_GREP=/bin/grep
ac_cv_path_SED=/bin/sed
ac_cv_path_ac_pt_PKG_CONFIG=/usr/bin/pkg-config
ac_cv_path_ax_enable_builddir_sed=sed
ac_cv_path_install='/usr/bin/install -c'
ac_cv_path_mkdir=/bin/mkdir
ac_cv_prog_AWK=gawk
ac_cv_prog_CPP='gcc -E'
ac_cv_prog_ac_ct_AR=ar
ac_cv_prog_ac_ct_CC=gcc
ac_cv_prog_ac_ct_RANLIB=ranlib
ac_cv_prog_cc_c89=
ac_cv_prog_cc_c99=
ac_cv_prog_cc_g=yes
ac_cv_prog_make_make_set=yes
ac_cv_safe_to_define___extensions__=yes
ac_cv_search_ev_run=-lev
ac_cv_search_floor=-lm
ac_cv_search_iconv_open='none required'
ac_cv_search_pam_authenticate=-lpam
ac_cv_search_shm_open=-lrt
ac_cv_target=x86_64-pc-linux-gnu
ac_cv_type__Bool=yes
ac_cv_type_mode_t=yes
ac_cv_type_off_t=yes
ac_cv_type_pid_t=yes
ac_cv_type_size_t=yes
ac_cv_type_ssize_t=yes
am_cv_CC_dependencies_compiler_type=gcc3
am_cv_ar_interface=ar
am_cv_make_support_nested_variables=yes
am_cv_prog_cc_c_o=yes
ax_cv_check_cflags___Wunused_value=yes
ax_cv_gnu_make_command=make
pkg_cv_CAIRO_CFLAGS='-I/usr/include/cairo -I/usr/include/glib-2.0 -I/usr/lib/x86_64-linux-gnu/glib-2.0/include -I/usr/include/pixman-1 -I/usr/include/freetype2 -I/usr/include/libpng16 -I/usr/include/freetype2 -I/usr/include/libpng16'
pkg_cv_CAIRO_LIBS=-lcairo
pkg_cv_FONTCONFIG_CFLAGS='-I/usr/include/freetype2 -I/usr/include/libpng16 -I/usr/include/freetype2 -I/usr/include/libpng16'
pkg_cv_FONTCONFIG_LIBS='-lfontconfig -lfreetype'
pkg_cv_JPEG_CFLAGS=
pkg_cv_JPEG_LIBS=-ljpeg
pkg_cv_XCB_CFLAGS=
pkg_cv_XCB_IMAGE_CFLAGS=
pkg_cv_XCB_IMAGE_LIBS='-lxcb-image -lxcb -lxcb-shm'
pkg_cv_XCB_LIBS='-lxcb -lxcb-xkb -lxcb-xinerama -lxcb-randr -lxcb-composite'
pkg_cv_XCB_UTIL_CFLAGS=
pkg_cv_XCB_UTIL_LIBS='-lxcb-util -lxcb'
pkg_cv_XCB_UTIL_XRM_CFLAGS=
pkg_cv_XCB_UTIL_XRM_LIBS='-lxcb-xrm -lxcb'
pkg_cv_XKBCOMMON_CFLAGS=
pkg_cv_XKBCOMMON_LIBS='-lxkbcommon-x11 -lxkbcommon'

## ----------------- ##
## Output variables. ##
## ----------------- ##











	$(AM_V_at)$(MAKE) $(AM_MAKEFLAGS) code-coverage-capture
	$(code_coverage_v_genhtml)LANG=C $(GENHTML) $(code_coverage_quiet) $(addprefix --prefix ,$(CODE_COVERAGE_DIRECTORY)) --output-directory "$(CODE_COVERAGE_OUTPUT_DIRECTORY)" --title "$(PACKAGE_NAME)-$(PACKAGE_VERSION) Code Coverage" --legend --show-details "$(CODE_COVERAGE_OUTPUT_FILE)" $(CODE_COVERAGE_GENHTML_OPTIONS)
	$(code_coverage_v_lcov_cap)$(LCOV) $(code_coverage_quiet) $(addprefix --directory ,$(CODE_COVERAGE_DIRECTORY)) --capture --output-file "$(CODE_COVERAGE_OUTPUT_FILE).tmp" --test-name "$(call code_coverage_sanitize,$(PACKAGE_NAME)-$(PACKAGE_VERSION))" --no-checksum --compat-libtool $(CODE_COVERAGE_LCOV_SHOPTS) $(CODE_COVERAGE_LCOV_OPTIONS)
	$(code_coverage_v_lcov_ign)$(LCOV) $(code_coverage_quiet) $(addprefix --directory ,$(CODE_COVERAGE_DIRECTORY)) --remove "$(CODE_COVERAGE_OUTPUT_FILE).tmp" "/tmp/*" $(CODE_COVERAGE_IGNORE_PATTERN) --output-file "$(CODE_COVERAGE_OUTPUT_FILE)" $(CODE_COVERAGE_LCOV_SHOPTS) $(CODE_COVERAGE_LCOV_RMOPTS)
	-$(AM_V_at)$(MAKE) $(AM_MAKEFLAGS) -k check
	-$(LCOV) --directory $(top_builddir) -z
	-@rm -f $(CODE_COVERAGE_OUTPUT_FILE).tmp
	-find . -name "*.gcda" -o -name "*.gcov" -delete
	-rm -rf $(CODE_COVERAGE_OUTPUT_FILE) $(CODE_COVERAGE_OUTPUT_FILE).tmp $(CODE_COVERAGE_OUTPUT_DIRECTORY)
	@echo "Need to reconfigure with --enable-code-coverage"
	@echo "Need to reconfigure with --enable-code-coverage"
	@echo "file://$(abs_builddir)/$(CODE_COVERAGE_OUTPUT_DIRECTORY)/index.html"
 $(CODE_COVERAGE_IGNORE_PATTERN);
 $(CODE_COVERAGE_OUTPUT_FILE);
#
#
#    $(PACKAGE_NAME)-$(PACKAGE_VERSION)-coverage)
#    $(PACKAGE_NAME)-$(PACKAGE_VERSION)-coverage.info)
#    (Default: $(top_builddir))
#    (Default: empty)
#    Multiple directories may be specified, separated by whitespace.
#    by lcov for code coverage. (Default:
#    collecting lcov instance. (Default: $CODE_COVERAGE_LCOV_OPTIONS_GCOVPATH)
#    genhtml instance. (Default: based on $CODE_COVERAGE_BRANCH_COVERAGE)
#    instance. (Default: $CODE_COVERAGE_GENHTML_OPTIONS_DEFAULT)
#    instance. (Default: $CODE_COVERAGE_LCOV_OPTIONS_DEFAULT)
#    instance. (Default: $CODE_COVERAGE_LCOV_RMOPTS_DEFAULT)
#    instances. (Default: $CODE_COVERAGE_LCOV_SHOPTS_DEFAULT)
#    instances. (Default: based on $CODE_COVERAGE_BRANCH_COVERAGE)
#    lcov instance. (Default: empty)
#    reports to be created. (Default:
#    set to 0 to disable it and leave empty to stay with the default.
#  - CODE_COVERAGE_BRANCH_COVERAGE: Set to 1 to enforce branch coverage,
#  - CODE_COVERAGE_DIRECTORY: Top-level directory for code coverage reporting.
#  - CODE_COVERAGE_GENHTML_OPTIONS: Extra options to pass to the genhtml
#  - CODE_COVERAGE_GENHTML_OPTIONS_DEFAULT: Extra options to pass to the
#  - CODE_COVERAGE_IGNORE_PATTERN: Extra glob pattern of files to ignore
#  - CODE_COVERAGE_LCOV_OPTIONS: Extra options to pass to the collecting lcov
#  - CODE_COVERAGE_LCOV_OPTIONS_DEFAULT: Extra options to pass to the
#  - CODE_COVERAGE_LCOV_OPTIONS_GCOVPATH: --gcov-tool pathtogcov
#  - CODE_COVERAGE_LCOV_RMOPTS: Extra options to pass to the filtering lcov
#  - CODE_COVERAGE_LCOV_RMOPTS_DEFAULT: Extra options to pass to the filtering
#  - CODE_COVERAGE_LCOV_SHOPTS: Extra options to shared between both lcov
#  - CODE_COVERAGE_LCOV_SHOPTS_DEFAULT: Extra options shared between both lcov
#  - CODE_COVERAGE_OUTPUT_DIRECTORY: Directory for generated code coverage
#  - CODE_COVERAGE_OUTPUT_FILE: Filename and path for the .info file generated
# $(PACKAGE_VERSION). In order to add the current git hash to the title,
# Capture code coverage data
# Code coverage
# Hook rule executed before code-coverage-capture, overridable by the user
# Optional variables
# Optional:
# The generated report will be titled using the $(PACKAGE_NAME) and
# Use recursive makes in order to ignore errors during check
# sanitizes the test-name: replaces with underscores: dashes and dots
# use the git-version-gen script, available online.
$(if $(CODE_COVERAGE_BRANCH_COVERAGE),\
'
--rc genhtml_branch_coverage=$(CODE_COVERAGE_BRANCH_COVERAGE))
--rc lcov_branch_coverage=$(CODE_COVERAGE_BRANCH_COVERAGE))
.PHONY: check-code-coverage code-coverage-capture code-coverage-capture-hook code-coverage-clean
ACLOCAL='${SHELL} /home/ronan/Documents/stuff/i3lock-color/missing aclocal-1.15'
AMDEPBACKSLASH='\'
AMDEP_FALSE='#'
AMDEP_TRUE=''
AMTAR='$${TAR-tar}'
AM_BACKSLASH='\'
AM_CFLAGS='-O2 -funroll-loops -pthread -Wunused-value'
AM_DEFAULT_V='$(AM_DEFAULT_VERBOSITY)'
AM_DEFAULT_VERBOSITY='0'
AM_DISTCHECK_CONFIGURE_FLAGS += --disable-code-coverage
AM_DISTCHECK_CONFIGURE_FLAGS ?=
AM_V='$(V)'
AR='ar'
AUTOCONF='${SHELL} /home/ronan/Documents/stuff/i3lock-color/missing autoconf'
AUTOHEADER='${SHELL} /home/ronan/Documents/stuff/i3lock-color/missing autoheader'
AUTOMAKE='${SHELL} /home/ronan/Documents/stuff/i3lock-color/missing automake-1.15'
AWK='gawk'
AX_EXTEND_SRCDIR_CPPFLAGS='-DSTRIPPED__FILE__=\"$$(basename $<)\"'
CAIRO_CFLAGS='-I/usr/include/cairo -I/usr/include/glib-2.0 -I/usr/lib/x86_64-linux-gnu/glib-2.0/include -I/usr/include/pixman-1 -I/usr/include/freetype2 -I/usr/include/libpng16 -I/usr/include/freetype2 -I/usr/include/libpng16'
CAIRO_LIBS='-lcairo'
CC='gcc'
CCDEPMODE='depmode=gcc3'
CFLAGS=' -g -O0 -Wall'
CODE_COVERAGE_BRANCH_COVERAGE ?=
CODE_COVERAGE_CFLAGS=''
CODE_COVERAGE_CPPFLAGS=''
CODE_COVERAGE_CXXFLAGS=''
CODE_COVERAGE_DIRECTORY ?= $(top_builddir)
CODE_COVERAGE_ENABLED='no'
CODE_COVERAGE_ENABLED_FALSE=''
CODE_COVERAGE_ENABLED_TRUE='#'
CODE_COVERAGE_GENHTML_OPTIONS ?= $(CODE_COVERAGE_GENHTML_OPTIONS_DEFAULTS)
CODE_COVERAGE_GENHTML_OPTIONS_DEFAULT ?=\
CODE_COVERAGE_IGNORE_PATTERN ?=
CODE_COVERAGE_LCOV_OPTIONS ?= $(CODE_COVERAGE_LCOV_OPTIONS_DEFAULT)
CODE_COVERAGE_LCOV_OPTIONS_DEFAULT ?= $(CODE_COVERAGE_LCOV_OPTIONS_GCOVPATH)
CODE_COVERAGE_LCOV_OPTIONS_GCOVPATH ?= --gcov-tool "$(GCOV)"
CODE_COVERAGE_LCOV_RMOPTS ?= $(CODE_COVERAGE_LCOV_RMOPTS_DEFAULT)
CODE_COVERAGE_LCOV_RMOPTS_DEFAULT ?=
CODE_COVERAGE_LCOV_SHOPTS ?= $(CODE_COVERAGE_LCOV_SHOPTS_DEFAULT)
CODE_COVERAGE_LCOV_SHOPTS_DEFAULT ?= $(if $(CODE_COVERAGE_BRANCH_COVERAGE),\
CODE_COVERAGE_LDFLAGS=''
CODE_COVERAGE_OUTPUT_DIRECTORY ?= $(PACKAGE_NAME)-$(PACKAGE_VERSION)-coverage
CODE_COVERAGE_OUTPUT_FILE ?= $(PACKAGE_NAME)-$(PACKAGE_VERSION)-coverage.info
CODE_COVERAGE_RULES='
CPP='gcc -E'
CPPFLAGS=''
CYGPATH_W='echo'
DEFS='-DHAVE_CONFIG_H'
DEPDIR='.deps'
ECHO_C=''
ECHO_N='-n'
ECHO_T=''
EGREP='/bin/grep -E'
EXEEXT=''
FONTCONFIG_CFLAGS='-I/usr/include/freetype2 -I/usr/include/libpng16 -I/usr/include/freetype2 -I/usr/include/libpng16'
FONTCONFIG_LIBS='-lfontconfig -lfreetype'
GCOV=''
GENHTML=''
GITIGNOREFILES += $(CODE_COVERAGE_OUTPUT_FILE) $(CODE_COVERAGE_OUTPUT_DIRECTORY)
GITIGNOREFILES ?=
GREP='/bin/grep'
I3LOCK_VERSION='2.12.c-60-g4c341b8 (2019-11-20, branch \"master\")'
INSTALL_DATA='${INSTALL} -m 644'
INSTALL_PROGRAM='${INSTALL}'
INSTALL_SCRIPT='${INSTALL}'
INSTALL_STRIP_PROGRAM='$(install_sh) -c -s'
JPEG_CFLAGS=''
JPEG_LIBS='-ljpeg'
LCOV=''
LDFLAGS=''
LIBOBJS=''
LIBS='-lpam -lrt -lev -lm '
LN_S='ln -s'
LTLIBOBJS=''
MAINT=''
MAINTAINER_MODE_FALSE='#'
MAINTAINER_MODE_TRUE=''
MAKEINFO='${SHELL} /home/ronan/Documents/stuff/i3lock-color/missing makeinfo'
MKDIR_P='/bin/mkdir -p'
OBJEXT='o'
PACKAGE='i3lock-color'
PACKAGE_BUGREPORT='https://github.com/PandorasFox/i3lock-color/issues'
PACKAGE_NAME='i3lock-color'
PACKAGE_STRING='i3lock-color 2.12'
PACKAGE_TARNAME='i3lock-color'
PACKAGE_URL=''
PACKAGE_VERSION='2.12'
PATH_SEPARATOR=':'
PKG_CONFIG='/usr/bin/pkg-config'
PKG_CONFIG_LIBDIR=''
PKG_CONFIG_PATH=''
RANLIB='ranlib'
SED='/bin/sed'
SET_MAKE=''
SHELL='/bin/bash'
STRIP=''
VERSION='2.12.c'
XCB_CFLAGS=''
XCB_IMAGE_CFLAGS=''
XCB_IMAGE_LIBS='-lxcb-image -lxcb -lxcb-shm'
XCB_LIBS='-lxcb -lxcb-xkb -lxcb-xinerama -lxcb-randr -lxcb-composite'
XCB_UTIL_CFLAGS=''
XCB_UTIL_LIBS='-lxcb-util -lxcb'
XCB_UTIL_XRM_CFLAGS=''
XCB_UTIL_XRM_LIBS='-lxcb-xrm -lxcb'
XKBCOMMON_CFLAGS=''
XKBCOMMON_LIBS='-lxkbcommon-x11 -lxkbcommon'
ac_ct_AR='ar'
ac_ct_CC='gcc'
am__EXEEXT_FALSE=''
am__EXEEXT_TRUE='#'
am__fastdepCC_FALSE='#'
am__fastdepCC_TRUE=''
am__include='include'
am__isrc=' -I$(srcdir)'
am__leading_dot='.'
am__nodep='_no'
am__quote=''
am__tar='$${TAR-tar} chof - "$$tardir"'
am__untar='$${TAR-tar} xf -'
ax_enable_builddir_sed='sed'
bindir='${exec_prefix}/bin'
build='x86_64-pc-linux-gnu'
build_alias=''
build_cpu='x86_64'
build_os='linux-gnu'
build_vendor='pc'
check-code-coverage:
clean: code-coverage-clean
code-coverage-capture-hook:
code-coverage-capture: code-coverage-capture-hook
code-coverage-clean:
code_coverage_quiet = $(code_coverage_quiet_$(V))
code_coverage_quiet_ = $(code_coverage_quiet_$(AM_DEFAULT_VERBOSITY))
code_coverage_quiet_0 = --quiet
code_coverage_sanitize = $(subst -,_,$(subst .,_,$(1)))
code_coverage_v_genhtml = $(code_coverage_v_genhtml_$(V))
code_coverage_v_genhtml_ = $(code_coverage_v_genhtml_$(AM_DEFAULT_VERBOSITY))
code_coverage_v_genhtml_0 = @echo "  GEN   " $(CODE_COVERAGE_OUTPUT_DIRECTORY);
code_coverage_v_lcov_cap = $(code_coverage_v_lcov_cap_$(V))
code_coverage_v_lcov_cap_ = $(code_coverage_v_lcov_cap_$(AM_DEFAULT_VERBOSITY))
code_coverage_v_lcov_cap_0 = @echo "  LCOV   --capture"\
code_coverage_v_lcov_ign = $(code_coverage_v_lcov_ign_$(V))
code_coverage_v_lcov_ign_ = $(code_coverage_v_lcov_ign_$(AM_DEFAULT_VERBOSITY))
code_coverage_v_lcov_ign_0 = @echo "  LCOV   --remove /tmp/*"\
datadir='${datarootdir}'
datarootdir='${prefix}/share'
docdir='${datarootdir}/doc/${PACKAGE_TARNAME}'
dvidir='${docdir}'
else
else
endif
endif
endif
exec_prefix='${prefix}'
host='x86_64-pc-linux-gnu'
host_alias=''
host_cpu='x86_64'
host_os='linux-gnu'
host_vendor='pc'
htmldir='${docdir}'
ifGNUmake=''
ifeq ($(CODE_COVERAGE_ENABLED),yes)
ifeq ($(CODE_COVERAGE_ENABLED),yes)
ifeq ($(CODE_COVERAGE_ENABLED),yes)
includedir='${prefix}/include'
infodir='${datarootdir}/info'
install_sh='${SHELL} /home/ronan/Documents/stuff/i3lock-color/install-sh'
libdir='${exec_prefix}/lib'
libexecdir='${exec_prefix}/libexec'
localedir='${datarootdir}/locale'
localstatedir='${prefix}/var'
mandir='${datarootdir}/man'
mkdir_p='$(MKDIR_P)'
oldincludedir='/usr/include'
pdfdir='${docdir}'
prefix='/usr'
program_transform_name='s,x,x,'
psdir='${docdir}'
runstatedir='${localstatedir}/run'
sbindir='${exec_prefix}/sbin'
sharedstatedir='${prefix}/com'
sysconfdir='/etc'
target='x86_64-pc-linux-gnu'
target_alias=''
target_cpu='x86_64'
target_os='linux-gnu'
target_vendor='pc'

## ----------- ##
## confdefs.h. ##
## ----------- ##

/* confdefs.h */
#define PACKAGE_NAME "i3lock-color"
#define PACKAGE_TARNAME "i3lock-color"
#define PACKAGE_VERSION "2.12"
#define PACKAGE_STRING "i3lock-color 2.12"
#define PACKAGE_BUGREPORT "https://github.com/PandorasFox/i3lock-color/issues"
#define PACKAGE_URL ""
#define PACKAGE "i3lock-color"
#define VERSION "2.12"
#define I3LOCK_VERSION "2.12.c-60-g4c341b8 (2019-11-20, branch \"master\")"
#define STDC_HEADERS 1
#define HAVE_SYS_TYPES_H 1
#define HAVE_SYS_STAT_H 1
#define HAVE_STDLIB_H 1
#define HAVE_STRING_H 1
#define HAVE_MEMORY_H 1
#define HAVE_STRINGS_H 1
#define HAVE_INTTYPES_H 1
#define HAVE_STDINT_H 1
#define HAVE_UNISTD_H 1
#define __EXTENSIONS__ 1
#define _ALL_SOURCE 1
#define _GNU_SOURCE 1
#define _POSIX_PTHREAD_SEMANTICS 1
#define _TANDEM_SOURCE 1
#define HAVE__BOOL 1
#define HAVE_MODE_T 1
#define HAVE_OFF_T 1
#define HAVE_PID_T 1
#define HAVE_SIZE_T 1
#define HAVE_SSIZE_T 1
#define HAVE_FORK 1
#define HAVE_VFORK 1
#define HAVE_WORKING_VFORK 1
#define HAVE_WORKING_FORK 1
#define LSTAT_FOLLOWS_SLASHED_SYMLINK 1
#define HAVE_ATEXIT 1
#define HAVE_DUP2 1
#define HAVE_FTRUNCATE 1
#define HAVE_GETCWD 1
#define HAVE_GETTIMEOFDAY 1
#define HAVE_LOCALTIME_R 1
#define HAVE_MEMCHR 1
#define HAVE_MEMSET 1
#define HAVE_MKDIR 1
#define HAVE_RMDIR 1
#define HAVE_SETLOCALE 1
#define HAVE_SOCKET 1
#define HAVE_STRCASECMP 1
#define HAVE_STRCHR 1
#define HAVE_STRDUP 1
#define HAVE_STRERROR 1
#define HAVE_STRNCASECMP 1
#define HAVE_STRNDUP 1
#define HAVE_STRRCHR 1
#define HAVE_STRSPN 1
#define HAVE_STRSTR 1
#define HAVE_STRTOL 1
#define HAVE_STRTOUL 1
#define HAVE_FCNTL_H 1
#define HAVE_FLOAT_H 1
#define HAVE_INTTYPES_H 1
#define HAVE_LIMITS_H 1
#define HAVE_LOCALE_H 1
#define HAVE_NETINET_IN_H 1
#define HAVE_PATHS_H 1
#define HAVE_STDDEF_H 1
#define HAVE_STDINT_H 1
#define HAVE_STDLIB_H 1
#define HAVE_STRING_H 1
#define HAVE_SYS_PARAM_H 1
#define HAVE_SYS_SOCKET_H 1
#define HAVE_SYS_TIME_H 1
#define HAVE_UNISTD_H 1

configure: exit 0
